<?xml version="1.0" encoding="UTF-8"?>
<testng-results skipped="0" failed="0" total="1" passed="1">
  <reporter-output>
  </reporter-output>
  <suite name="Default suite" duration-ms="208" started-at="2017-08-14T04:43:48Z" finished-at="2017-08-14T04:43:48Z">
    <groups>
    </groups>
    <test name="Default test" duration-ms="208" started-at="2017-08-14T04:43:48Z" finished-at="2017-08-14T04:43:48Z">
      <class name="com.org.sarvan.baseproj.openWeb">
        <test-method status="PASS" signature="beforeMethod()[pri:0, instance:com.org.sarvan.baseproj.openWeb@198378d]" name="beforeMethod" is-config="true" duration-ms="81" started-at="2017-08-14T10:13:48Z" finished-at="2017-08-14T10:13:48Z">
          <reporter-output>
          </reporter-output>
        </test-method> <!-- beforeMethod -->
        <test-method status="PASS" signature="Test1()[pri:0, instance:com.org.sarvan.baseproj.openWeb@198378d]" name="Test1" duration-ms="13" started-at="2017-08-14T10:13:48Z" finished-at="2017-08-14T10:13:48Z">
          <reporter-output>
          </reporter-output>
        </test-method> <!-- Test1 -->
        <test-method status="PASS" signature="afterMethod()[pri:0, instance:com.org.sarvan.baseproj.openWeb@198378d]" name="afterMethod" is-config="true" duration-ms="0" started-at="2017-08-14T10:13:48Z" finished-at="2017-08-14T10:13:48Z">
          <reporter-output>
          </reporter-output>
        </test-method> <!-- afterMethod -->
      </class> <!-- com.org.sarvan.baseproj.openWeb -->
    </test> <!-- Default test -->
  </suite> <!-- Default suite -->
</testng-results>
